<?xml version="1.0" encoding="UTF-8"?>
<testng-results skipped="0" failed="0" ignored="0" total="1" passed="1">
  <reporter-output>
  </reporter-output>
  <suite name="Surefire suite" duration-ms="94" started-at="2023-05-15T18:54:49Z" finished-at="2023-05-15T18:54:50Z">
    <groups>
    </groups>
    <test name="Surefire test" duration-ms="94" started-at="2023-05-15T18:54:49Z" finished-at="2023-05-15T18:54:50Z">
      <class name="com.lumawk6.AppTest">
        <test-method status="PASS" signature="testApp()" name="testApp" duration-ms="50" started-at="2023-05-15T18:54:49Z" finished-at="2023-05-15T18:54:50Z">
          <reporter-output>
          </reporter-output>
        </test-method> <!-- testApp -->
      </class> <!-- com.lumawk6.AppTest -->
    </test> <!-- Surefire test -->
  </suite> <!-- Surefire suite -->
</testng-results>
